The system is: Darwin - 22.5.0 - arm64
Compiling the C compiler identification source file "CMakeCCompilerId.c" succeeded.
Compiler: /opt/homebrew/bin/gcc-13 
Build flags: 
Id flags:  

The output was:
0


Compilation of the C compiler identification source "CMakeCCompilerId.c" produced "a.out"

The C compiler identification is GNU, found in "/Users/xiezinan/Desktop/Project/mciroAS/cmake-build-debug/CMakeFiles/3.25.2/CompilerIdC/a.out"

Compiling the CXX compiler identification source file "CMakeCXXCompilerId.cpp" succeeded.
Compiler: /opt/homebrew/bin/g++-13 
Build flags: 
Id flags:  

The output was:
0


Compilation of the CXX compiler identification source "CMakeCXXCompilerId.cpp" produced "a.out"

The CXX compiler identification is GNU, found in "/Users/xiezinan/Desktop/Project/mciroAS/cmake-build-debug/CMakeFiles/3.25.2/CompilerIdCXX/a.out"

Detecting C compiler ABI info compiled with the following output:
Change Dir: /Users/xiezinan/Desktop/Project/mciroAS/cmake-build-debug/CMakeFiles/CMakeScratch/TryCompile-EhipBS

Run Build Command(s):/Applications/CLion.app/Contents/bin/ninja/mac/ninja cmTC_2bab7 && [1/2] Building C object CMakeFiles/cmTC_2bab7.dir/CMakeCCompilerABI.c.o
Using built-in specs.
COLLECT_GCC=/opt/homebrew/bin/gcc-13
Target: aarch64-apple-darwin22
Configured with: ../configure --prefix=/opt/homebrew/opt/gcc --libdir=/opt/homebrew/opt/gcc/lib/gcc/current --disable-nls --enable-checking=release --with-gcc-major-version-only --enable-languages=c,c++,objc,obj-c++,fortran --program-suffix=-13 --with-gmp=/opt/homebrew/opt/gmp --with-mpfr=/opt/homebrew/opt/mpfr --with-mpc=/opt/homebrew/opt/libmpc --with-isl=/opt/homebrew/opt/isl --with-zstd=/opt/homebrew/opt/zstd --with-pkgversion='Homebrew GCC 13.1.0' --with-bugurl=https://github.com/Homebrew/homebrew-core/issues --with-system-zlib --build=aarch64-apple-darwin22 --with-sysroot=/Library/Developer/CommandLineTools/SDKs/MacOSX13.sdk
Thread model: posix
Supported LTO compression algorithms: zlib zstd
gcc version 13.1.0 (Homebrew GCC 13.1.0) 
COLLECT_GCC_OPTIONS='-fdiagnostics-color=always' '-isysroot' '/Applications/Xcode.app/Contents/Developer/Platforms/MacOSX.platform/Developer/SDKs/MacOSX13.3.sdk' '-v' '-o' 'CMakeFiles/cmTC_2bab7.dir/CMakeCCompilerABI.c.o' '-c' '-mmacosx-version-min=13.0.0' '-asm_macosx_version_min=13.0' '-nodefaultexport' '-mlittle-endian' '-mabi=lp64' '-dumpdir' 'CMakeFiles/cmTC_2bab7.dir/'
 /opt/homebrew/Cellar/gcc/13.1.0/bin/../libexec/gcc/aarch64-apple-darwin22/13/cc1 -quiet -v -iprefix /opt/homebrew/Cellar/gcc/13.1.0/bin/../lib/gcc/current/gcc/aarch64-apple-darwin22/13/ -D__DYNAMIC__ -isysroot /Applications/Xcode.app/Contents/Developer/Platforms/MacOSX.platform/Developer/SDKs/MacOSX13.3.sdk /Applications/CLion.app/Contents/bin/cmake/mac/share/cmake-3.25/Modules/CMakeCCompilerABI.c -fPIC -quiet -dumpdir CMakeFiles/cmTC_2bab7.dir/ -dumpbase CMakeCCompilerABI.c.c -dumpbase-ext .c -mmacosx-version-min=13.0.0 -mlittle-endian -mabi=lp64 -version -fdiagnostics-color=always -o /var/folders/45/xpc9mgt90tn522snzpgvxqyw0000gn/T//cc9ErsTq.s
GNU C17 (Homebrew GCC 13.1.0) version 13.1.0 (aarch64-apple-darwin22)
	compiled by GNU C version 13.1.0, GMP version 6.2.1, MPFR version 4.2.0-p4, MPC version 1.3.1, isl version isl-0.26-GMP

warning: MPFR header version 4.2.0-p4 differs from library version 4.2.0-p9.
GGC heuristics: --param ggc-min-expand=100 --param ggc-min-heapsize=131072
ignoring nonexistent directory "/opt/homebrew/Cellar/gcc/13.1.0/bin/../lib/gcc/current/gcc/aarch64-apple-darwin22/13/../../../../../../aarch64-apple-darwin22/include"
ignoring duplicate directory "/opt/homebrew/Cellar/gcc/13.1.0/bin/../lib/gcc/current/gcc/../../../../lib/gcc/current/gcc/aarch64-apple-darwin22/13/include"
ignoring nonexistent directory "/Applications/Xcode.app/Contents/Developer/Platforms/MacOSX.platform/Developer/SDKs/MacOSX13.3.sdk/usr/local/include"
ignoring duplicate directory "/opt/homebrew/Cellar/gcc/13.1.0/bin/../lib/gcc/current/gcc/../../../../lib/gcc/current/gcc/aarch64-apple-darwin22/13/include-fixed"
ignoring nonexistent directory "/opt/homebrew/Cellar/gcc/13.1.0/bin/../lib/gcc/current/gcc/../../../../lib/gcc/current/gcc/aarch64-apple-darwin22/13/../../../../../../aarch64-apple-darwin22/include"
ignoring nonexistent directory "/Applications/Xcode.app/Contents/Developer/Platforms/MacOSX.platform/Developer/SDKs/MacOSX13.3.sdk/Library/Frameworks"
#include "..." search starts here:
#include <...> search starts here:
 /opt/homebrew/Cellar/gcc/13.1.0/bin/../lib/gcc/current/gcc/aarch64-apple-darwin22/13/include
 /opt/homebrew/Cellar/gcc/13.1.0/bin/../lib/gcc/current/gcc/aarch64-apple-darwin22/13/include-fixed
 /Applications/Xcode.app/Contents/Developer/Platforms/MacOSX.platform/Developer/SDKs/MacOSX13.3.sdk/usr/include
 /Applications/Xcode.app/Contents/Developer/Platforms/MacOSX.platform/Developer/SDKs/MacOSX13.3.sdk/System/Library/Frameworks
End of search list.
Compiler executable checksum: 73918571eda3ab292ab0c9e1b26abcc5
COLLECT_GCC_OPTIONS='-fdiagnostics-color=always' '-isysroot' '/Applications/Xcode.app/Contents/Developer/Platforms/MacOSX.platform/Developer/SDKs/MacOSX13.3.sdk' '-v' '-o' 'CMakeFiles/cmTC_2bab7.dir/CMakeCCompilerABI.c.o' '-c' '-mmacosx-version-min=13.0.0'  '-nodefaultexport' '-mlittle-endian' '-mabi=lp64' '-dumpdir' 'CMakeFiles/cmTC_2bab7.dir/'
 as -arch arm64 -v -mmacosx-version-min=13.0 -o CMakeFiles/cmTC_2bab7.dir/CMakeCCompilerABI.c.o /var/folders/45/xpc9mgt90tn522snzpgvxqyw0000gn/T//cc9ErsTq.s
Apple clang version 14.0.3 (clang-1403.0.22.14.1)
Target: arm64-apple-darwin22.5.0
Thread model: posix
InstalledDir: /Applications/Xcode.app/Contents/Developer/Toolchains/XcodeDefault.xctoolchain/usr/bin
 "/Applications/Xcode.app/Contents/Developer/Toolchains/XcodeDefault.xctoolchain/usr/bin/clang" -cc1as -triple arm64-apple-macosx13.0.0 -filetype obj -main-file-name cc9ErsTq.s -target-cpu apple-m1 -target-feature +v8.5a -target-feature +crc -target-feature +lse -target-feature +rdm -target-feature +crypto -target-feature +dotprod -target-feature +fp-armv8 -target-feature +neon -target-feature +fp16fml -target-feature +ras -target-feature +rcpc -target-feature +zcm -target-feature +zcz -target-feature +fullfp16 -target-feature +sm4 -target-feature +sha3 -target-feature +sha2 -target-feature +aes -fdebug-compilation-dir=/Users/xiezinan/Desktop/Project/mciroAS/cmake-build-debug/CMakeFiles/CMakeScratch/TryCompile-EhipBS -dwarf-debug-producer "Apple clang version 14.0.3 (clang-1403.0.22.14.1)" -dwarf-version=4 -mrelocation-model pic --mrelax-relocations -mllvm -disable-aligned-alloc-awareness=1 -o CMakeFiles/cmTC_2bab7.dir/CMakeCCompilerABI.c.o /var/folders/45/xpc9mgt90tn522snzpgvxqyw0000gn/T//cc9ErsTq.s
COMPILER_PATH=/opt/homebrew/Cellar/gcc/13.1.0/bin/../libexec/gcc/aarch64-apple-darwin22/13/:/opt/homebrew/Cellar/gcc/13.1.0/bin/../libexec/gcc/
LIBRARY_PATH=/opt/homebrew/Cellar/gcc/13.1.0/bin/../lib/gcc/current/gcc/aarch64-apple-darwin22/13/:/opt/homebrew/Cellar/gcc/13.1.0/bin/../lib/gcc/current/gcc/:/opt/homebrew/Cellar/gcc/13.1.0/bin/../lib/gcc/current/gcc/aarch64-apple-darwin22/13/../../../
COLLECT_GCC_OPTIONS='-fdiagnostics-color=always' '-isysroot' '/Applications/Xcode.app/Contents/Developer/Platforms/MacOSX.platform/Developer/SDKs/MacOSX13.3.sdk' '-v' '-o' 'CMakeFiles/cmTC_2bab7.dir/CMakeCCompilerABI.c.o' '-c' '-mmacosx-version-min=13.0.0'  '-nodefaultexport' '-mlittle-endian' '-mabi=lp64' '-dumpdir' 'CMakeFiles/cmTC_2bab7.dir/CMakeCCompilerABI.c.'
[2/2] Linking C executable cmTC_2bab7
Using built-in specs.
COLLECT_GCC=/opt/homebrew/bin/gcc-13
COLLECT_LTO_WRAPPER=/opt/homebrew/Cellar/gcc/13.1.0/bin/../libexec/gcc/aarch64-apple-darwin22/13/lto-wrapper
Target: aarch64-apple-darwin22
Configured with: ../configure --prefix=/opt/homebrew/opt/gcc --libdir=/opt/homebrew/opt/gcc/lib/gcc/current --disable-nls --enable-checking=release --with-gcc-major-version-only --enable-languages=c,c++,objc,obj-c++,fortran --program-suffix=-13 --with-gmp=/opt/homebrew/opt/gmp --with-mpfr=/opt/homebrew/opt/mpfr --with-mpc=/opt/homebrew/opt/libmpc --with-isl=/opt/homebrew/opt/isl --with-zstd=/opt/homebrew/opt/zstd --with-pkgversion='Homebrew GCC 13.1.0' --with-bugurl=https://github.com/Homebrew/homebrew-core/issues --with-system-zlib --build=aarch64-apple-darwin22 --with-sysroot=/Library/Developer/CommandLineTools/SDKs/MacOSX13.sdk
Thread model: posix
Supported LTO compression algorithms: zlib zstd
gcc version 13.1.0 (Homebrew GCC 13.1.0) 
COMPILER_PATH=/opt/homebrew/Cellar/gcc/13.1.0/bin/../libexec/gcc/aarch64-apple-darwin22/13/:/opt/homebrew/Cellar/gcc/13.1.0/bin/../libexec/gcc/
LIBRARY_PATH=/opt/homebrew/Cellar/gcc/13.1.0/bin/../lib/gcc/current/gcc/aarch64-apple-darwin22/13/:/opt/homebrew/Cellar/gcc/13.1.0/bin/../lib/gcc/current/gcc/:/opt/homebrew/Cellar/gcc/13.1.0/bin/../lib/gcc/current/gcc/aarch64-apple-darwin22/13/../../../
COLLECT_GCC_OPTIONS='-isysroot' '/Applications/Xcode.app/Contents/Developer/Platforms/MacOSX.platform/Developer/SDKs/MacOSX13.3.sdk' '-v' '-o' 'cmTC_2bab7' '-mmacosx-version-min=13.0.0' '-asm_macosx_version_min=13.0' '-nodefaultexport' '-mlittle-endian' '-mabi=lp64' '-dumpdir' 'cmTC_2bab7.'
 /opt/homebrew/Cellar/gcc/13.1.0/bin/../libexec/gcc/aarch64-apple-darwin22/13/collect2 -dynamic -arch arm64 -syslibroot /Applications/Xcode.app/Contents/Developer/Platforms/MacOSX.platform/Developer/SDKs/MacOSX13.3.sdk -macosx_version_min 13.0.0 -o cmTC_2bab7 -L/opt/homebrew/Cellar/gcc/13.1.0/bin/../lib/gcc/current/gcc/aarch64-apple-darwin22/13 -L/opt/homebrew/Cellar/gcc/13.1.0/bin/../lib/gcc/current/gcc -L/opt/homebrew/Cellar/gcc/13.1.0/bin/../lib/gcc/current/gcc/aarch64-apple-darwin22/13/../../.. -search_paths_first -headerpad_max_install_names -v CMakeFiles/cmTC_2bab7.dir/CMakeCCompilerABI.c.o -lemutls_w -lgcc -lSystem -lgcc -no_compact_unwind -rpath @loader_path -rpath /opt/homebrew/Cellar/gcc/13.1.0/lib/gcc/current/gcc/aarch64-apple-darwin22/13 -rpath /opt/homebrew/Cellar/gcc/13.1.0/lib/gcc/current/gcc -rpath /opt/homebrew/Cellar/gcc/13.1.0/lib/gcc/current
collect2 version 13.1.0
/opt/local/bin/ld -dynamic -arch arm64 -syslibroot /Applications/Xcode.app/Contents/Developer/Platforms/MacOSX.platform/Developer/SDKs/MacOSX13.3.sdk -macosx_version_min 13.0.0 -o cmTC_2bab7 -L/opt/homebrew/Cellar/gcc/13.1.0/bin/../lib/gcc/current/gcc/aarch64-apple-darwin22/13 -L/opt/homebrew/Cellar/gcc/13.1.0/bin/../lib/gcc/current/gcc -L/opt/homebrew/Cellar/gcc/13.1.0/bin/../lib/gcc/current/gcc/aarch64-apple-darwin22/13/../../.. -search_paths_first -headerpad_max_install_names -v CMakeFiles/cmTC_2bab7.dir/CMakeCCompilerABI.c.o -lemutls_w -lgcc -lSystem -lgcc -no_compact_unwind -rpath @loader_path -rpath /opt/homebrew/Cellar/gcc/13.1.0/lib/gcc/current/gcc/aarch64-apple-darwin22/13 -rpath /opt/homebrew/Cellar/gcc/13.1.0/lib/gcc/current/gcc -rpath /opt/homebrew/Cellar/gcc/13.1.0/lib/gcc/current
@(#)PROGRAM:ld  PROJECT:ld64-857.1
BUILD 23:13:29 May  7 2023
configured to support archs: armv6 armv7 armv7s arm64 arm64e arm64_32 i386 x86_64 x86_64h armv6m armv7k armv7m armv7em
Library search paths:
	/opt/homebrew/Cellar/gcc/13.1.0/lib/gcc/current/gcc/aarch64-apple-darwin22/13
	/opt/homebrew/Cellar/gcc/13.1.0/lib/gcc/current/gcc
	/opt/homebrew/Cellar/gcc/13.1.0/lib/gcc/current
	/Applications/Xcode.app/Contents/Developer/Platforms/MacOSX.platform/Developer/SDKs/MacOSX13.3.sdk/usr/lib
Framework search paths:
	/Applications/Xcode.app/Contents/Developer/Platforms/MacOSX.platform/Developer/SDKs/MacOSX13.3.sdk/System/Library/Frameworks/



Parsed C implicit include dir info from above output: rv=done
  found start of include info
  found start of implicit include info
    add: [/opt/homebrew/Cellar/gcc/13.1.0/bin/../lib/gcc/current/gcc/aarch64-apple-darwin22/13/include]
    add: [/opt/homebrew/Cellar/gcc/13.1.0/bin/../lib/gcc/current/gcc/aarch64-apple-darwin22/13/include-fixed]
    add: [/Applications/Xcode.app/Contents/Developer/Platforms/MacOSX.platform/Developer/SDKs/MacOSX13.3.sdk/usr/include]
    add: [/Applications/Xcode.app/Contents/Developer/Platforms/MacOSX.platform/Developer/SDKs/MacOSX13.3.sdk/System/Library/Frameworks]
  end of search list found
  collapse include dir [/opt/homebrew/Cellar/gcc/13.1.0/bin/../lib/gcc/current/gcc/aarch64-apple-darwin22/13/include] ==> [/opt/homebrew/Cellar/gcc/13.1.0/lib/gcc/current/gcc/aarch64-apple-darwin22/13/include]
  collapse include dir [/opt/homebrew/Cellar/gcc/13.1.0/bin/../lib/gcc/current/gcc/aarch64-apple-darwin22/13/include-fixed] ==> [/opt/homebrew/Cellar/gcc/13.1.0/lib/gcc/current/gcc/aarch64-apple-darwin22/13/include-fixed]
  collapse include dir [/Applications/Xcode.app/Contents/Developer/Platforms/MacOSX.platform/Developer/SDKs/MacOSX13.3.sdk/usr/include] ==> [/Applications/Xcode.app/Contents/Developer/Platforms/MacOSX.platform/Developer/SDKs/MacOSX13.3.sdk/usr/include]
  collapse include dir [/Applications/Xcode.app/Contents/Developer/Platforms/MacOSX.platform/Developer/SDKs/MacOSX13.3.sdk/System/Library/Frameworks] ==> [/Applications/Xcode.app/Contents/Developer/Platforms/MacOSX.platform/Developer/SDKs/MacOSX13.3.sdk/System/Library/Frameworks]
  implicit include dirs: [/opt/homebrew/Cellar/gcc/13.1.0/lib/gcc/current/gcc/aarch64-apple-darwin22/13/include;/opt/homebrew/Cellar/gcc/13.1.0/lib/gcc/current/gcc/aarch64-apple-darwin22/13/include-fixed;/Applications/Xcode.app/Contents/Developer/Platforms/MacOSX.platform/Developer/SDKs/MacOSX13.3.sdk/usr/include;/Applications/Xcode.app/Contents/Developer/Platforms/MacOSX.platform/Developer/SDKs/MacOSX13.3.sdk/System/Library/Frameworks]


Parsed C implicit link information from above output:
  link line regex: [^( *|.*[/\])(ld|CMAKE_LINK_STARTFILE-NOTFOUND|([^/\]+-)?ld|collect2)[^/\]*( |$)]
  ignore line: [Change Dir: /Users/xiezinan/Desktop/Project/mciroAS/cmake-build-debug/CMakeFiles/CMakeScratch/TryCompile-EhipBS]
  ignore line: []
  ignore line: [Run Build Command(s):/Applications/CLion.app/Contents/bin/ninja/mac/ninja cmTC_2bab7 && [1/2] Building C object CMakeFiles/cmTC_2bab7.dir/CMakeCCompilerABI.c.o]
  ignore line: [Using built-in specs.]
  ignore line: [COLLECT_GCC=/opt/homebrew/bin/gcc-13]
  ignore line: [Target: aarch64-apple-darwin22]
  ignore line: [Configured with: ../configure --prefix=/opt/homebrew/opt/gcc --libdir=/opt/homebrew/opt/gcc/lib/gcc/current --disable-nls --enable-checking=release --with-gcc-major-version-only --enable-languages=c c++ objc obj-c++ fortran --program-suffix=-13 --with-gmp=/opt/homebrew/opt/gmp --with-mpfr=/opt/homebrew/opt/mpfr --with-mpc=/opt/homebrew/opt/libmpc --with-isl=/opt/homebrew/opt/isl --with-zstd=/opt/homebrew/opt/zstd --with-pkgversion='Homebrew GCC 13.1.0' --with-bugurl=https://github.com/Homebrew/homebrew-core/issues --with-system-zlib --build=aarch64-apple-darwin22 --with-sysroot=/Library/Developer/CommandLineTools/SDKs/MacOSX13.sdk]
  ignore line: [Thread model: posix]
  ignore line: [Supported LTO compression algorithms: zlib zstd]
  ignore line: [gcc version 13.1.0 (Homebrew GCC 13.1.0) ]
  ignore line: [COLLECT_GCC_OPTIONS='-fdiagnostics-color=always' '-isysroot' '/Applications/Xcode.app/Contents/Developer/Platforms/MacOSX.platform/Developer/SDKs/MacOSX13.3.sdk' '-v' '-o' 'CMakeFiles/cmTC_2bab7.dir/CMakeCCompilerABI.c.o' '-c' '-mmacosx-version-min=13.0.0' '-asm_macosx_version_min=13.0' '-nodefaultexport' '-mlittle-endian' '-mabi=lp64' '-dumpdir' 'CMakeFiles/cmTC_2bab7.dir/']
  ignore line: [ /opt/homebrew/Cellar/gcc/13.1.0/bin/../libexec/gcc/aarch64-apple-darwin22/13/cc1 -quiet -v -iprefix /opt/homebrew/Cellar/gcc/13.1.0/bin/../lib/gcc/current/gcc/aarch64-apple-darwin22/13/ -D__DYNAMIC__ -isysroot /Applications/Xcode.app/Contents/Developer/Platforms/MacOSX.platform/Developer/SDKs/MacOSX13.3.sdk /Applications/CLion.app/Contents/bin/cmake/mac/share/cmake-3.25/Modules/CMakeCCompilerABI.c -fPIC -quiet -dumpdir CMakeFiles/cmTC_2bab7.dir/ -dumpbase CMakeCCompilerABI.c.c -dumpbase-ext .c -mmacosx-version-min=13.0.0 -mlittle-endian -mabi=lp64 -version -fdiagnostics-color=always -o /var/folders/45/xpc9mgt90tn522snzpgvxqyw0000gn/T//cc9ErsTq.s]
  ignore line: [GNU C17 (Homebrew GCC 13.1.0) version 13.1.0 (aarch64-apple-darwin22)]
  ignore line: [	compiled by GNU C version 13.1.0  GMP version 6.2.1  MPFR version 4.2.0-p4  MPC version 1.3.1  isl version isl-0.26-GMP]
  ignore line: []
  ignore line: [warning: MPFR header version 4.2.0-p4 differs from library version 4.2.0-p9.]
  ignore line: [GGC heuristics: --param ggc-min-expand=100 --param ggc-min-heapsize=131072]
  ignore line: [ignoring nonexistent directory "/opt/homebrew/Cellar/gcc/13.1.0/bin/../lib/gcc/current/gcc/aarch64-apple-darwin22/13/../../../../../../aarch64-apple-darwin22/include"]
  ignore line: [ignoring duplicate directory "/opt/homebrew/Cellar/gcc/13.1.0/bin/../lib/gcc/current/gcc/../../../../lib/gcc/current/gcc/aarch64-apple-darwin22/13/include"]
  ignore line: [ignoring nonexistent directory "/Applications/Xcode.app/Contents/Developer/Platforms/MacOSX.platform/Developer/SDKs/MacOSX13.3.sdk/usr/local/include"]
  ignore line: [ignoring duplicate directory "/opt/homebrew/Cellar/gcc/13.1.0/bin/../lib/gcc/current/gcc/../../../../lib/gcc/current/gcc/aarch64-apple-darwin22/13/include-fixed"]
  ignore line: [ignoring nonexistent directory "/opt/homebrew/Cellar/gcc/13.1.0/bin/../lib/gcc/current/gcc/../../../../lib/gcc/current/gcc/aarch64-apple-darwin22/13/../../../../../../aarch64-apple-darwin22/include"]
  ignore line: [ignoring nonexistent directory "/Applications/Xcode.app/Contents/Developer/Platforms/MacOSX.platform/Developer/SDKs/MacOSX13.3.sdk/Library/Frameworks"]
  ignore line: [#include "..." search starts here:]
  ignore line: [#include <...> search starts here:]
  ignore line: [ /opt/homebrew/Cellar/gcc/13.1.0/bin/../lib/gcc/current/gcc/aarch64-apple-darwin22/13/include]
  ignore line: [ /opt/homebrew/Cellar/gcc/13.1.0/bin/../lib/gcc/current/gcc/aarch64-apple-darwin22/13/include-fixed]
  ignore line: [ /Applications/Xcode.app/Contents/Developer/Platforms/MacOSX.platform/Developer/SDKs/MacOSX13.3.sdk/usr/include]
  ignore line: [ /Applications/Xcode.app/Contents/Developer/Platforms/MacOSX.platform/Developer/SDKs/MacOSX13.3.sdk/System/Library/Frameworks]
  ignore line: [End of search list.]
  ignore line: [Compiler executable checksum: 73918571eda3ab292ab0c9e1b26abcc5]
  ignore line: [COLLECT_GCC_OPTIONS='-fdiagnostics-color=always' '-isysroot' '/Applications/Xcode.app/Contents/Developer/Platforms/MacOSX.platform/Developer/SDKs/MacOSX13.3.sdk' '-v' '-o' 'CMakeFiles/cmTC_2bab7.dir/CMakeCCompilerABI.c.o' '-c' '-mmacosx-version-min=13.0.0'  '-nodefaultexport' '-mlittle-endian' '-mabi=lp64' '-dumpdir' 'CMakeFiles/cmTC_2bab7.dir/']
  ignore line: [ as -arch arm64 -v -mmacosx-version-min=13.0 -o CMakeFiles/cmTC_2bab7.dir/CMakeCCompilerABI.c.o /var/folders/45/xpc9mgt90tn522snzpgvxqyw0000gn/T//cc9ErsTq.s]
  ignore line: [Apple clang version 14.0.3 (clang-1403.0.22.14.1)]
  ignore line: [Target: arm64-apple-darwin22.5.0]
  ignore line: [Thread model: posix]
  ignore line: [InstalledDir: /Applications/Xcode.app/Contents/Developer/Toolchains/XcodeDefault.xctoolchain/usr/bin]
  ignore line: [ "/Applications/Xcode.app/Contents/Developer/Toolchains/XcodeDefault.xctoolchain/usr/bin/clang" -cc1as -triple arm64-apple-macosx13.0.0 -filetype obj -main-file-name cc9ErsTq.s -target-cpu apple-m1 -target-feature +v8.5a -target-feature +crc -target-feature +lse -target-feature +rdm -target-feature +crypto -target-feature +dotprod -target-feature +fp-armv8 -target-feature +neon -target-feature +fp16fml -target-feature +ras -target-feature +rcpc -target-feature +zcm -target-feature +zcz -target-feature +fullfp16 -target-feature +sm4 -target-feature +sha3 -target-feature +sha2 -target-feature +aes -fdebug-compilation-dir=/Users/xiezinan/Desktop/Project/mciroAS/cmake-build-debug/CMakeFiles/CMakeScratch/TryCompile-EhipBS -dwarf-debug-producer "Apple clang version 14.0.3 (clang-1403.0.22.14.1)" -dwarf-version=4 -mrelocation-model pic --mrelax-relocations -mllvm -disable-aligned-alloc-awareness=1 -o CMakeFiles/cmTC_2bab7.dir/CMakeCCompilerABI.c.o /var/folders/45/xpc9mgt90tn522snzpgvxqyw0000gn/T//cc9ErsTq.s]
  ignore line: [COMPILER_PATH=/opt/homebrew/Cellar/gcc/13.1.0/bin/../libexec/gcc/aarch64-apple-darwin22/13/:/opt/homebrew/Cellar/gcc/13.1.0/bin/../libexec/gcc/]
  ignore line: [LIBRARY_PATH=/opt/homebrew/Cellar/gcc/13.1.0/bin/../lib/gcc/current/gcc/aarch64-apple-darwin22/13/:/opt/homebrew/Cellar/gcc/13.1.0/bin/../lib/gcc/current/gcc/:/opt/homebrew/Cellar/gcc/13.1.0/bin/../lib/gcc/current/gcc/aarch64-apple-darwin22/13/../../../]
  ignore line: [COLLECT_GCC_OPTIONS='-fdiagnostics-color=always' '-isysroot' '/Applications/Xcode.app/Contents/Developer/Platforms/MacOSX.platform/Developer/SDKs/MacOSX13.3.sdk' '-v' '-o' 'CMakeFiles/cmTC_2bab7.dir/CMakeCCompilerABI.c.o' '-c' '-mmacosx-version-min=13.0.0'  '-nodefaultexport' '-mlittle-endian' '-mabi=lp64' '-dumpdir' 'CMakeFiles/cmTC_2bab7.dir/CMakeCCompilerABI.c.']
  ignore line: [[2/2] Linking C executable cmTC_2bab7]
  ignore line: [Using built-in specs.]
  ignore line: [COLLECT_GCC=/opt/homebrew/bin/gcc-13]
  ignore line: [COLLECT_LTO_WRAPPER=/opt/homebrew/Cellar/gcc/13.1.0/bin/../libexec/gcc/aarch64-apple-darwin22/13/lto-wrapper]
  ignore line: [Target: aarch64-apple-darwin22]
  ignore line: [Configured with: ../configure --prefix=/opt/homebrew/opt/gcc --libdir=/opt/homebrew/opt/gcc/lib/gcc/current --disable-nls --enable-checking=release --with-gcc-major-version-only --enable-languages=c c++ objc obj-c++ fortran --program-suffix=-13 --with-gmp=/opt/homebrew/opt/gmp --with-mpfr=/opt/homebrew/opt/mpfr --with-mpc=/opt/homebrew/opt/libmpc --with-isl=/opt/homebrew/opt/isl --with-zstd=/opt/homebrew/opt/zstd --with-pkgversion='Homebrew GCC 13.1.0' --with-bugurl=https://github.com/Homebrew/homebrew-core/issues --with-system-zlib --build=aarch64-apple-darwin22 --with-sysroot=/Library/Developer/CommandLineTools/SDKs/MacOSX13.sdk]
  ignore line: [Thread model: posix]
  ignore line: [Supported LTO compression algorithms: zlib zstd]
  ignore line: [gcc version 13.1.0 (Homebrew GCC 13.1.0) ]
  ignore line: [COMPILER_PATH=/opt/homebrew/Cellar/gcc/13.1.0/bin/../libexec/gcc/aarch64-apple-darwin22/13/:/opt/homebrew/Cellar/gcc/13.1.0/bin/../libexec/gcc/]
  ignore line: [LIBRARY_PATH=/opt/homebrew/Cellar/gcc/13.1.0/bin/../lib/gcc/current/gcc/aarch64-apple-darwin22/13/:/opt/homebrew/Cellar/gcc/13.1.0/bin/../lib/gcc/current/gcc/:/opt/homebrew/Cellar/gcc/13.1.0/bin/../lib/gcc/current/gcc/aarch64-apple-darwin22/13/../../../]
  ignore line: [COLLECT_GCC_OPTIONS='-isysroot' '/Applications/Xcode.app/Contents/Developer/Platforms/MacOSX.platform/Developer/SDKs/MacOSX13.3.sdk' '-v' '-o' 'cmTC_2bab7' '-mmacosx-version-min=13.0.0' '-asm_macosx_version_min=13.0' '-nodefaultexport' '-mlittle-endian' '-mabi=lp64' '-dumpdir' 'cmTC_2bab7.']
  link line: [ /opt/homebrew/Cellar/gcc/13.1.0/bin/../libexec/gcc/aarch64-apple-darwin22/13/collect2 -dynamic -arch arm64 -syslibroot /Applications/Xcode.app/Contents/Developer/Platforms/MacOSX.platform/Developer/SDKs/MacOSX13.3.sdk -macosx_version_min 13.0.0 -o cmTC_2bab7 -L/opt/homebrew/Cellar/gcc/13.1.0/bin/../lib/gcc/current/gcc/aarch64-apple-darwin22/13 -L/opt/homebrew/Cellar/gcc/13.1.0/bin/../lib/gcc/current/gcc -L/opt/homebrew/Cellar/gcc/13.1.0/bin/../lib/gcc/current/gcc/aarch64-apple-darwin22/13/../../.. -search_paths_first -headerpad_max_install_names -v CMakeFiles/cmTC_2bab7.dir/CMakeCCompilerABI.c.o -lemutls_w -lgcc -lSystem -lgcc -no_compact_unwind -rpath @loader_path -rpath /opt/homebrew/Cellar/gcc/13.1.0/lib/gcc/current/gcc/aarch64-apple-darwin22/13 -rpath /opt/homebrew/Cellar/gcc/13.1.0/lib/gcc/current/gcc -rpath /opt/homebrew/Cellar/gcc/13.1.0/lib/gcc/current]
    arg [/opt/homebrew/Cellar/gcc/13.1.0/bin/../libexec/gcc/aarch64-apple-darwin22/13/collect2] ==> ignore
    arg [-dynamic] ==> ignore
    arg [-arch] ==> ignore
    arg [arm64] ==> ignore
    arg [-syslibroot] ==> ignore
    arg [/Applications/Xcode.app/Contents/Developer/Platforms/MacOSX.platform/Developer/SDKs/MacOSX13.3.sdk] ==> ignore
    arg [-macosx_version_min] ==> ignore
    arg [13.0.0] ==> ignore
    arg [-o] ==> ignore
    arg [cmTC_2bab7] ==> ignore
    arg [-L/opt/homebrew/Cellar/gcc/13.1.0/bin/../lib/gcc/current/gcc/aarch64-apple-darwin22/13] ==> dir [/opt/homebrew/Cellar/gcc/13.1.0/bin/../lib/gcc/current/gcc/aarch64-apple-darwin22/13]
    arg [-L/opt/homebrew/Cellar/gcc/13.1.0/bin/../lib/gcc/current/gcc] ==> dir [/opt/homebrew/Cellar/gcc/13.1.0/bin/../lib/gcc/current/gcc]
    arg [-L/opt/homebrew/Cellar/gcc/13.1.0/bin/../lib/gcc/current/gcc/aarch64-apple-darwin22/13/../../..] ==> dir [/opt/homebrew/Cellar/gcc/13.1.0/bin/../lib/gcc/current/gcc/aarch64-apple-darwin22/13/../../..]
    arg [-search_paths_first] ==> ignore
    arg [-headerpad_max_install_names] ==> ignore
    arg [-v] ==> ignore
    arg [CMakeFiles/cmTC_2bab7.dir/CMakeCCompilerABI.c.o] ==> ignore
    arg [-lemutls_w] ==> lib [emutls_w]
    arg [-lgcc] ==> lib [gcc]
    arg [-lSystem] ==> lib [System]
    arg [-lgcc] ==> lib [gcc]
    arg [-no_compact_unwind] ==> ignore
    arg [-rpath] ==> ignore
    arg [@loader_path] ==> ignore
    arg [-rpath] ==> ignore
    arg [/opt/homebrew/Cellar/gcc/13.1.0/lib/gcc/current/gcc/aarch64-apple-darwin22/13] ==> ignore
    arg [-rpath] ==> ignore
    arg [/opt/homebrew/Cellar/gcc/13.1.0/lib/gcc/current/gcc] ==> ignore
    arg [-rpath] ==> ignore
    arg [/opt/homebrew/Cellar/gcc/13.1.0/lib/gcc/current] ==> ignore
  Library search paths: [;/opt/homebrew/Cellar/gcc/13.1.0/lib/gcc/current/gcc/aarch64-apple-darwin22/13;/opt/homebrew/Cellar/gcc/13.1.0/lib/gcc/current/gcc;/opt/homebrew/Cellar/gcc/13.1.0/lib/gcc/current;/Applications/Xcode.app/Contents/Developer/Platforms/MacOSX.platform/Developer/SDKs/MacOSX13.3.sdk/usr/lib]
  Framework search paths: [;/Applications/Xcode.app/Contents/Developer/Platforms/MacOSX.platform/Developer/SDKs/MacOSX13.3.sdk/System/Library/Frameworks/]
  remove lib [System]
  collapse library dir [/opt/homebrew/Cellar/gcc/13.1.0/bin/../lib/gcc/current/gcc/aarch64-apple-darwin22/13] ==> [/opt/homebrew/Cellar/gcc/13.1.0/lib/gcc/current/gcc/aarch64-apple-darwin22/13]
  collapse library dir [/opt/homebrew/Cellar/gcc/13.1.0/bin/../lib/gcc/current/gcc] ==> [/opt/homebrew/Cellar/gcc/13.1.0/lib/gcc/current/gcc]
  collapse library dir [/opt/homebrew/Cellar/gcc/13.1.0/bin/../lib/gcc/current/gcc/aarch64-apple-darwin22/13/../../..] ==> [/opt/homebrew/Cellar/gcc/13.1.0/lib/gcc/current]
  collapse library dir [/opt/homebrew/Cellar/gcc/13.1.0/lib/gcc/current/gcc/aarch64-apple-darwin22/13] ==> [/opt/homebrew/Cellar/gcc/13.1.0/lib/gcc/current/gcc/aarch64-apple-darwin22/13]
  collapse library dir [/opt/homebrew/Cellar/gcc/13.1.0/lib/gcc/current/gcc] ==> [/opt/homebrew/Cellar/gcc/13.1.0/lib/gcc/current/gcc]
  collapse library dir [/opt/homebrew/Cellar/gcc/13.1.0/lib/gcc/current] ==> [/opt/homebrew/Cellar/gcc/13.1.0/lib/gcc/current]
  collapse library dir [/Applications/Xcode.app/Contents/Developer/Platforms/MacOSX.platform/Developer/SDKs/MacOSX13.3.sdk/usr/lib] ==> [/Applications/Xcode.app/Contents/Developer/Platforms/MacOSX.platform/Developer/SDKs/MacOSX13.3.sdk/usr/lib]
  collapse framework dir [/Applications/Xcode.app/Contents/Developer/Platforms/MacOSX.platform/Developer/SDKs/MacOSX13.3.sdk/System/Library/Frameworks/] ==> [/Applications/Xcode.app/Contents/Developer/Platforms/MacOSX.platform/Developer/SDKs/MacOSX13.3.sdk/System/Library/Frameworks]
  implicit libs: [emutls_w;gcc;gcc]
  implicit objs: []
  implicit dirs: [/opt/homebrew/Cellar/gcc/13.1.0/lib/gcc/current/gcc/aarch64-apple-darwin22/13;/opt/homebrew/Cellar/gcc/13.1.0/lib/gcc/current/gcc;/opt/homebrew/Cellar/gcc/13.1.0/lib/gcc/current;/Applications/Xcode.app/Contents/Developer/Platforms/MacOSX.platform/Developer/SDKs/MacOSX13.3.sdk/usr/lib]
  implicit fwks: [/Applications/Xcode.app/Contents/Developer/Platforms/MacOSX.platform/Developer/SDKs/MacOSX13.3.sdk/System/Library/Frameworks]


Detecting CXX compiler ABI info compiled with the following output:
Change Dir: /Users/xiezinan/Desktop/Project/mciroAS/cmake-build-debug/CMakeFiles/CMakeScratch/TryCompile-lUvrof

Run Build Command(s):/Applications/CLion.app/Contents/bin/ninja/mac/ninja cmTC_a051e && [1/2] Building CXX object CMakeFiles/cmTC_a051e.dir/CMakeCXXCompilerABI.cpp.o
Using built-in specs.
COLLECT_GCC=/opt/homebrew/bin/g++-13
Target: aarch64-apple-darwin22
Configured with: ../configure --prefix=/opt/homebrew/opt/gcc --libdir=/opt/homebrew/opt/gcc/lib/gcc/current --disable-nls --enable-checking=release --with-gcc-major-version-only --enable-languages=c,c++,objc,obj-c++,fortran --program-suffix=-13 --with-gmp=/opt/homebrew/opt/gmp --with-mpfr=/opt/homebrew/opt/mpfr --with-mpc=/opt/homebrew/opt/libmpc --with-isl=/opt/homebrew/opt/isl --with-zstd=/opt/homebrew/opt/zstd --with-pkgversion='Homebrew GCC 13.1.0' --with-bugurl=https://github.com/Homebrew/homebrew-core/issues --with-system-zlib --build=aarch64-apple-darwin22 --with-sysroot=/Library/Developer/CommandLineTools/SDKs/MacOSX13.sdk
Thread model: posix
Supported LTO compression algorithms: zlib zstd
gcc version 13.1.0 (Homebrew GCC 13.1.0) 
COLLECT_GCC_OPTIONS='-fdiagnostics-color=always' '-isysroot' '/Applications/Xcode.app/Contents/Developer/Platforms/MacOSX.platform/Developer/SDKs/MacOSX13.3.sdk' '-v' '-o' 'CMakeFiles/cmTC_a051e.dir/CMakeCXXCompilerABI.cpp.o' '-c' '-mmacosx-version-min=13.0.0' '-asm_macosx_version_min=13.0' '-nodefaultexport' '-mlittle-endian' '-mabi=lp64' '-dumpdir' 'CMakeFiles/cmTC_a051e.dir/'
 /opt/homebrew/Cellar/gcc/13.1.0/bin/../libexec/gcc/aarch64-apple-darwin22/13/cc1plus -quiet -v -iprefix /opt/homebrew/Cellar/gcc/13.1.0/bin/../lib/gcc/current/gcc/aarch64-apple-darwin22/13/ -D__DYNAMIC__ -isysroot /Applications/Xcode.app/Contents/Developer/Platforms/MacOSX.platform/Developer/SDKs/MacOSX13.3.sdk /Applications/CLion.app/Contents/bin/cmake/mac/share/cmake-3.25/Modules/CMakeCXXCompilerABI.cpp -fPIC -quiet -dumpdir CMakeFiles/cmTC_a051e.dir/ -dumpbase CMakeCXXCompilerABI.cpp.cpp -dumpbase-ext .cpp -mmacosx-version-min=13.0.0 -mlittle-endian -mabi=lp64 -version -fdiagnostics-color=always -o /var/folders/45/xpc9mgt90tn522snzpgvxqyw0000gn/T//ccSfQXvB.s
GNU C++17 (Homebrew GCC 13.1.0) version 13.1.0 (aarch64-apple-darwin22)
	compiled by GNU C version 13.1.0, GMP version 6.2.1, MPFR version 4.2.0-p4, MPC version 1.3.1, isl version isl-0.26-GMP

warning: MPFR header version 4.2.0-p4 differs from library version 4.2.0-p9.
GGC heuristics: --param ggc-min-expand=100 --param ggc-min-heapsize=131072
ignoring nonexistent directory "/opt/homebrew/Cellar/gcc/13.1.0/bin/../lib/gcc/current/gcc/aarch64-apple-darwin22/13/../../../../../../aarch64-apple-darwin22/include"
ignoring duplicate directory "/opt/homebrew/Cellar/gcc/13.1.0/bin/../lib/gcc/current/gcc/../../../../lib/gcc/current/gcc/aarch64-apple-darwin22/13/../../../../../../include/c++/13"
ignoring duplicate directory "/opt/homebrew/Cellar/gcc/13.1.0/bin/../lib/gcc/current/gcc/../../../../lib/gcc/current/gcc/aarch64-apple-darwin22/13/../../../../../../include/c++/13/aarch64-apple-darwin22"
ignoring duplicate directory "/opt/homebrew/Cellar/gcc/13.1.0/bin/../lib/gcc/current/gcc/../../../../lib/gcc/current/gcc/aarch64-apple-darwin22/13/../../../../../../include/c++/13/backward"
ignoring duplicate directory "/opt/homebrew/Cellar/gcc/13.1.0/bin/../lib/gcc/current/gcc/../../../../lib/gcc/current/gcc/aarch64-apple-darwin22/13/include"
ignoring nonexistent directory "/Applications/Xcode.app/Contents/Developer/Platforms/MacOSX.platform/Developer/SDKs/MacOSX13.3.sdk/usr/local/include"
ignoring duplicate directory "/opt/homebrew/Cellar/gcc/13.1.0/bin/../lib/gcc/current/gcc/../../../../lib/gcc/current/gcc/aarch64-apple-darwin22/13/include-fixed"
ignoring nonexistent directory "/opt/homebrew/Cellar/gcc/13.1.0/bin/../lib/gcc/current/gcc/../../../../lib/gcc/current/gcc/aarch64-apple-darwin22/13/../../../../../../aarch64-apple-darwin22/include"
ignoring nonexistent directory "/Applications/Xcode.app/Contents/Developer/Platforms/MacOSX.platform/Developer/SDKs/MacOSX13.3.sdk/Library/Frameworks"
#include "..." search starts here:
#include <...> search starts here:
 /opt/homebrew/Cellar/gcc/13.1.0/bin/../lib/gcc/current/gcc/aarch64-apple-darwin22/13/../../../../../../include/c++/13
 /opt/homebrew/Cellar/gcc/13.1.0/bin/../lib/gcc/current/gcc/aarch64-apple-darwin22/13/../../../../../../include/c++/13/aarch64-apple-darwin22
 /opt/homebrew/Cellar/gcc/13.1.0/bin/../lib/gcc/current/gcc/aarch64-apple-darwin22/13/../../../../../../include/c++/13/backward
 /opt/homebrew/Cellar/gcc/13.1.0/bin/../lib/gcc/current/gcc/aarch64-apple-darwin22/13/include
 /opt/homebrew/Cellar/gcc/13.1.0/bin/../lib/gcc/current/gcc/aarch64-apple-darwin22/13/include-fixed
 /Applications/Xcode.app/Contents/Developer/Platforms/MacOSX.platform/Developer/SDKs/MacOSX13.3.sdk/usr/include
 /Applications/Xcode.app/Contents/Developer/Platforms/MacOSX.platform/Developer/SDKs/MacOSX13.3.sdk/System/Library/Frameworks
End of search list.
Compiler executable checksum: 455aa0f26521ddd5d95812ade996c30f
COLLECT_GCC_OPTIONS='-fdiagnostics-color=always' '-isysroot' '/Applications/Xcode.app/Contents/Developer/Platforms/MacOSX.platform/Developer/SDKs/MacOSX13.3.sdk' '-v' '-o' 'CMakeFiles/cmTC_a051e.dir/CMakeCXXCompilerABI.cpp.o' '-c' '-mmacosx-version-min=13.0.0'  '-nodefaultexport' '-mlittle-endian' '-mabi=lp64' '-dumpdir' 'CMakeFiles/cmTC_a051e.dir/'
 as -arch arm64 -v -mmacosx-version-min=13.0 -o CMakeFiles/cmTC_a051e.dir/CMakeCXXCompilerABI.cpp.o /var/folders/45/xpc9mgt90tn522snzpgvxqyw0000gn/T//ccSfQXvB.s
Apple clang version 14.0.3 (clang-1403.0.22.14.1)
Target: arm64-apple-darwin22.5.0
Thread model: posix
InstalledDir: /Applications/Xcode.app/Contents/Developer/Toolchains/XcodeDefault.xctoolchain/usr/bin
 "/Applications/Xcode.app/Contents/Developer/Toolchains/XcodeDefault.xctoolchain/usr/bin/clang" -cc1as -triple arm64-apple-macosx13.0.0 -filetype obj -main-file-name ccSfQXvB.s -target-cpu apple-m1 -target-feature +v8.5a -target-feature +crc -target-feature +lse -target-feature +rdm -target-feature +crypto -target-feature +dotprod -target-feature +fp-armv8 -target-feature +neon -target-feature +fp16fml -target-feature +ras -target-feature +rcpc -target-feature +zcm -target-feature +zcz -target-feature +fullfp16 -target-feature +sm4 -target-feature +sha3 -target-feature +sha2 -target-feature +aes -fdebug-compilation-dir=/Users/xiezinan/Desktop/Project/mciroAS/cmake-build-debug/CMakeFiles/CMakeScratch/TryCompile-lUvrof -dwarf-debug-producer "Apple clang version 14.0.3 (clang-1403.0.22.14.1)" -dwarf-version=4 -mrelocation-model pic --mrelax-relocations -mllvm -disable-aligned-alloc-awareness=1 -o CMakeFiles/cmTC_a051e.dir/CMakeCXXCompilerABI.cpp.o /var/folders/45/xpc9mgt90tn522snzpgvxqyw0000gn/T//ccSfQXvB.s
COMPILER_PATH=/opt/homebrew/Cellar/gcc/13.1.0/bin/../libexec/gcc/aarch64-apple-darwin22/13/:/opt/homebrew/Cellar/gcc/13.1.0/bin/../libexec/gcc/
LIBRARY_PATH=/opt/homebrew/Cellar/gcc/13.1.0/bin/../lib/gcc/current/gcc/aarch64-apple-darwin22/13/:/opt/homebrew/Cellar/gcc/13.1.0/bin/../lib/gcc/current/gcc/:/opt/homebrew/Cellar/gcc/13.1.0/bin/../lib/gcc/current/gcc/aarch64-apple-darwin22/13/../../../
COLLECT_GCC_OPTIONS='-fdiagnostics-color=always' '-isysroot' '/Applications/Xcode.app/Contents/Developer/Platforms/MacOSX.platform/Developer/SDKs/MacOSX13.3.sdk' '-v' '-o' 'CMakeFiles/cmTC_a051e.dir/CMakeCXXCompilerABI.cpp.o' '-c' '-mmacosx-version-min=13.0.0'  '-nodefaultexport' '-mlittle-endian' '-mabi=lp64' '-dumpdir' 'CMakeFiles/cmTC_a051e.dir/CMakeCXXCompilerABI.cpp.'
[2/2] Linking CXX executable cmTC_a051e
Using built-in specs.
COLLECT_GCC=/opt/homebrew/bin/g++-13
COLLECT_LTO_WRAPPER=/opt/homebrew/Cellar/gcc/13.1.0/bin/../libexec/gcc/aarch64-apple-darwin22/13/lto-wrapper
Target: aarch64-apple-darwin22
Configured with: ../configure --prefix=/opt/homebrew/opt/gcc --libdir=/opt/homebrew/opt/gcc/lib/gcc/current --disable-nls --enable-checking=release --with-gcc-major-version-only --enable-languages=c,c++,objc,obj-c++,fortran --program-suffix=-13 --with-gmp=/opt/homebrew/opt/gmp --with-mpfr=/opt/homebrew/opt/mpfr --with-mpc=/opt/homebrew/opt/libmpc --with-isl=/opt/homebrew/opt/isl --with-zstd=/opt/homebrew/opt/zstd --with-pkgversion='Homebrew GCC 13.1.0' --with-bugurl=https://github.com/Homebrew/homebrew-core/issues --with-system-zlib --build=aarch64-apple-darwin22 --with-sysroot=/Library/Developer/CommandLineTools/SDKs/MacOSX13.sdk
Thread model: posix
Supported LTO compression algorithms: zlib zstd
gcc version 13.1.0 (Homebrew GCC 13.1.0) 
COMPILER_PATH=/opt/homebrew/Cellar/gcc/13.1.0/bin/../libexec/gcc/aarch64-apple-darwin22/13/:/opt/homebrew/Cellar/gcc/13.1.0/bin/../libexec/gcc/
LIBRARY_PATH=/opt/homebrew/Cellar/gcc/13.1.0/bin/../lib/gcc/current/gcc/aarch64-apple-darwin22/13/:/opt/homebrew/Cellar/gcc/13.1.0/bin/../lib/gcc/current/gcc/:/opt/homebrew/Cellar/gcc/13.1.0/bin/../lib/gcc/current/gcc/aarch64-apple-darwin22/13/../../../
COLLECT_GCC_OPTIONS='-isysroot' '/Applications/Xcode.app/Contents/Developer/Platforms/MacOSX.platform/Developer/SDKs/MacOSX13.3.sdk' '-v' '-o' 'cmTC_a051e' '-mmacosx-version-min=13.0.0' '-asm_macosx_version_min=13.0' '-nodefaultexport' '-mlittle-endian' '-mabi=lp64' '-dumpdir' 'cmTC_a051e.'
 /opt/homebrew/Cellar/gcc/13.1.0/bin/../libexec/gcc/aarch64-apple-darwin22/13/collect2 -dynamic -arch arm64 -syslibroot /Applications/Xcode.app/Contents/Developer/Platforms/MacOSX.platform/Developer/SDKs/MacOSX13.3.sdk -macosx_version_min 13.0.0 -o cmTC_a051e -L/opt/homebrew/Cellar/gcc/13.1.0/bin/../lib/gcc/current/gcc/aarch64-apple-darwin22/13 -L/opt/homebrew/Cellar/gcc/13.1.0/bin/../lib/gcc/current/gcc -L/opt/homebrew/Cellar/gcc/13.1.0/bin/../lib/gcc/current/gcc/aarch64-apple-darwin22/13/../../.. -search_paths_first -headerpad_max_install_names -v CMakeFiles/cmTC_a051e.dir/CMakeCXXCompilerABI.cpp.o -lstdc++ -lemutls_w -lgcc -lSystem -lgcc -no_compact_unwind -rpath @loader_path -rpath /opt/homebrew/Cellar/gcc/13.1.0/lib/gcc/current/gcc/aarch64-apple-darwin22/13 -rpath /opt/homebrew/Cellar/gcc/13.1.0/lib/gcc/current/gcc -rpath /opt/homebrew/Cellar/gcc/13.1.0/lib/gcc/current
collect2 version 13.1.0
/opt/local/bin/ld -dynamic -arch arm64 -syslibroot /Applications/Xcode.app/Contents/Developer/Platforms/MacOSX.platform/Developer/SDKs/MacOSX13.3.sdk -macosx_version_min 13.0.0 -o cmTC_a051e -L/opt/homebrew/Cellar/gcc/13.1.0/bin/../lib/gcc/current/gcc/aarch64-apple-darwin22/13 -L/opt/homebrew/Cellar/gcc/13.1.0/bin/../lib/gcc/current/gcc -L/opt/homebrew/Cellar/gcc/13.1.0/bin/../lib/gcc/current/gcc/aarch64-apple-darwin22/13/../../.. -search_paths_first -headerpad_max_install_names -v CMakeFiles/cmTC_a051e.dir/CMakeCXXCompilerABI.cpp.o -lstdc++ -lemutls_w -lgcc -lSystem -lgcc -no_compact_unwind -rpath @loader_path -rpath /opt/homebrew/Cellar/gcc/13.1.0/lib/gcc/current/gcc/aarch64-apple-darwin22/13 -rpath /opt/homebrew/Cellar/gcc/13.1.0/lib/gcc/current/gcc -rpath /opt/homebrew/Cellar/gcc/13.1.0/lib/gcc/current
@(#)PROGRAM:ld  PROJECT:ld64-857.1
BUILD 23:13:29 May  7 2023
configured to support archs: armv6 armv7 armv7s arm64 arm64e arm64_32 i386 x86_64 x86_64h armv6m armv7k armv7m armv7em
Library search paths:
	/opt/homebrew/Cellar/gcc/13.1.0/lib/gcc/current/gcc/aarch64-apple-darwin22/13
	/opt/homebrew/Cellar/gcc/13.1.0/lib/gcc/current/gcc
	/opt/homebrew/Cellar/gcc/13.1.0/lib/gcc/current
	/Applications/Xcode.app/Contents/Developer/Platforms/MacOSX.platform/Developer/SDKs/MacOSX13.3.sdk/usr/lib
Framework search paths:
	/Applications/Xcode.app/Contents/Developer/Platforms/MacOSX.platform/Developer/SDKs/MacOSX13.3.sdk/System/Library/Frameworks/



Parsed CXX implicit include dir info from above output: rv=done
  found start of include info
  found start of implicit include info
    add: [/opt/homebrew/Cellar/gcc/13.1.0/bin/../lib/gcc/current/gcc/aarch64-apple-darwin22/13/../../../../../../include/c++/13]
    add: [/opt/homebrew/Cellar/gcc/13.1.0/bin/../lib/gcc/current/gcc/aarch64-apple-darwin22/13/../../../../../../include/c++/13/aarch64-apple-darwin22]
    add: [/opt/homebrew/Cellar/gcc/13.1.0/bin/../lib/gcc/current/gcc/aarch64-apple-darwin22/13/../../../../../../include/c++/13/backward]
    add: [/opt/homebrew/Cellar/gcc/13.1.0/bin/../lib/gcc/current/gcc/aarch64-apple-darwin22/13/include]
    add: [/opt/homebrew/Cellar/gcc/13.1.0/bin/../lib/gcc/current/gcc/aarch64-apple-darwin22/13/include-fixed]
    add: [/Applications/Xcode.app/Contents/Developer/Platforms/MacOSX.platform/Developer/SDKs/MacOSX13.3.sdk/usr/include]
    add: [/Applications/Xcode.app/Contents/Developer/Platforms/MacOSX.platform/Developer/SDKs/MacOSX13.3.sdk/System/Library/Frameworks]
  end of search list found
  collapse include dir [/opt/homebrew/Cellar/gcc/13.1.0/bin/../lib/gcc/current/gcc/aarch64-apple-darwin22/13/../../../../../../include/c++/13] ==> [/opt/homebrew/Cellar/gcc/13.1.0/include/c++/13]
  collapse include dir [/opt/homebrew/Cellar/gcc/13.1.0/bin/../lib/gcc/current/gcc/aarch64-apple-darwin22/13/../../../../../../include/c++/13/aarch64-apple-darwin22] ==> [/opt/homebrew/Cellar/gcc/13.1.0/include/c++/13/aarch64-apple-darwin22]
  collapse include dir [/opt/homebrew/Cellar/gcc/13.1.0/bin/../lib/gcc/current/gcc/aarch64-apple-darwin22/13/../../../../../../include/c++/13/backward] ==> [/opt/homebrew/Cellar/gcc/13.1.0/include/c++/13/backward]
  collapse include dir [/opt/homebrew/Cellar/gcc/13.1.0/bin/../lib/gcc/current/gcc/aarch64-apple-darwin22/13/include] ==> [/opt/homebrew/Cellar/gcc/13.1.0/lib/gcc/current/gcc/aarch64-apple-darwin22/13/include]
  collapse include dir [/opt/homebrew/Cellar/gcc/13.1.0/bin/../lib/gcc/current/gcc/aarch64-apple-darwin22/13/include-fixed] ==> [/opt/homebrew/Cellar/gcc/13.1.0/lib/gcc/current/gcc/aarch64-apple-darwin22/13/include-fixed]
  collapse include dir [/Applications/Xcode.app/Contents/Developer/Platforms/MacOSX.platform/Developer/SDKs/MacOSX13.3.sdk/usr/include] ==> [/Applications/Xcode.app/Contents/Developer/Platforms/MacOSX.platform/Developer/SDKs/MacOSX13.3.sdk/usr/include]
  collapse include dir [/Applications/Xcode.app/Contents/Developer/Platforms/MacOSX.platform/Developer/SDKs/MacOSX13.3.sdk/System/Library/Frameworks] ==> [/Applications/Xcode.app/Contents/Developer/Platforms/MacOSX.platform/Developer/SDKs/MacOSX13.3.sdk/System/Library/Frameworks]
  implicit include dirs: [/opt/homebrew/Cellar/gcc/13.1.0/include/c++/13;/opt/homebrew/Cellar/gcc/13.1.0/include/c++/13/aarch64-apple-darwin22;/opt/homebrew/Cellar/gcc/13.1.0/include/c++/13/backward;/opt/homebrew/Cellar/gcc/13.1.0/lib/gcc/current/gcc/aarch64-apple-darwin22/13/include;/opt/homebrew/Cellar/gcc/13.1.0/lib/gcc/current/gcc/aarch64-apple-darwin22/13/include-fixed;/Applications/Xcode.app/Contents/Developer/Platforms/MacOSX.platform/Developer/SDKs/MacOSX13.3.sdk/usr/include;/Applications/Xcode.app/Contents/Developer/Platforms/MacOSX.platform/Developer/SDKs/MacOSX13.3.sdk/System/Library/Frameworks]


Parsed CXX implicit link information from above output:
  link line regex: [^( *|.*[/\])(ld|CMAKE_LINK_STARTFILE-NOTFOUND|([^/\]+-)?ld|collect2)[^/\]*( |$)]
  ignore line: [Change Dir: /Users/xiezinan/Desktop/Project/mciroAS/cmake-build-debug/CMakeFiles/CMakeScratch/TryCompile-lUvrof]
  ignore line: []
  ignore line: [Run Build Command(s):/Applications/CLion.app/Contents/bin/ninja/mac/ninja cmTC_a051e && [1/2] Building CXX object CMakeFiles/cmTC_a051e.dir/CMakeCXXCompilerABI.cpp.o]
  ignore line: [Using built-in specs.]
  ignore line: [COLLECT_GCC=/opt/homebrew/bin/g++-13]
  ignore line: [Target: aarch64-apple-darwin22]
  ignore line: [Configured with: ../configure --prefix=/opt/homebrew/opt/gcc --libdir=/opt/homebrew/opt/gcc/lib/gcc/current --disable-nls --enable-checking=release --with-gcc-major-version-only --enable-languages=c c++ objc obj-c++ fortran --program-suffix=-13 --with-gmp=/opt/homebrew/opt/gmp --with-mpfr=/opt/homebrew/opt/mpfr --with-mpc=/opt/homebrew/opt/libmpc --with-isl=/opt/homebrew/opt/isl --with-zstd=/opt/homebrew/opt/zstd --with-pkgversion='Homebrew GCC 13.1.0' --with-bugurl=https://github.com/Homebrew/homebrew-core/issues --with-system-zlib --build=aarch64-apple-darwin22 --with-sysroot=/Library/Developer/CommandLineTools/SDKs/MacOSX13.sdk]
  ignore line: [Thread model: posix]
  ignore line: [Supported LTO compression algorithms: zlib zstd]
  ignore line: [gcc version 13.1.0 (Homebrew GCC 13.1.0) ]
  ignore line: [COLLECT_GCC_OPTIONS='-fdiagnostics-color=always' '-isysroot' '/Applications/Xcode.app/Contents/Developer/Platforms/MacOSX.platform/Developer/SDKs/MacOSX13.3.sdk' '-v' '-o' 'CMakeFiles/cmTC_a051e.dir/CMakeCXXCompilerABI.cpp.o' '-c' '-mmacosx-version-min=13.0.0' '-asm_macosx_version_min=13.0' '-nodefaultexport' '-mlittle-endian' '-mabi=lp64' '-dumpdir' 'CMakeFiles/cmTC_a051e.dir/']
  ignore line: [ /opt/homebrew/Cellar/gcc/13.1.0/bin/../libexec/gcc/aarch64-apple-darwin22/13/cc1plus -quiet -v -iprefix /opt/homebrew/Cellar/gcc/13.1.0/bin/../lib/gcc/current/gcc/aarch64-apple-darwin22/13/ -D__DYNAMIC__ -isysroot /Applications/Xcode.app/Contents/Developer/Platforms/MacOSX.platform/Developer/SDKs/MacOSX13.3.sdk /Applications/CLion.app/Contents/bin/cmake/mac/share/cmake-3.25/Modules/CMakeCXXCompilerABI.cpp -fPIC -quiet -dumpdir CMakeFiles/cmTC_a051e.dir/ -dumpbase CMakeCXXCompilerABI.cpp.cpp -dumpbase-ext .cpp -mmacosx-version-min=13.0.0 -mlittle-endian -mabi=lp64 -version -fdiagnostics-color=always -o /var/folders/45/xpc9mgt90tn522snzpgvxqyw0000gn/T//ccSfQXvB.s]
  ignore line: [GNU C++17 (Homebrew GCC 13.1.0) version 13.1.0 (aarch64-apple-darwin22)]
  ignore line: [	compiled by GNU C version 13.1.0  GMP version 6.2.1  MPFR version 4.2.0-p4  MPC version 1.3.1  isl version isl-0.26-GMP]
  ignore line: []
  ignore line: [warning: MPFR header version 4.2.0-p4 differs from library version 4.2.0-p9.]
  ignore line: [GGC heuristics: --param ggc-min-expand=100 --param ggc-min-heapsize=131072]
  ignore line: [ignoring nonexistent directory "/opt/homebrew/Cellar/gcc/13.1.0/bin/../lib/gcc/current/gcc/aarch64-apple-darwin22/13/../../../../../../aarch64-apple-darwin22/include"]
  ignore line: [ignoring duplicate directory "/opt/homebrew/Cellar/gcc/13.1.0/bin/../lib/gcc/current/gcc/../../../../lib/gcc/current/gcc/aarch64-apple-darwin22/13/../../../../../../include/c++/13"]
  ignore line: [ignoring duplicate directory "/opt/homebrew/Cellar/gcc/13.1.0/bin/../lib/gcc/current/gcc/../../../../lib/gcc/current/gcc/aarch64-apple-darwin22/13/../../../../../../include/c++/13/aarch64-apple-darwin22"]
  ignore line: [ignoring duplicate directory "/opt/homebrew/Cellar/gcc/13.1.0/bin/../lib/gcc/current/gcc/../../../../lib/gcc/current/gcc/aarch64-apple-darwin22/13/../../../../../../include/c++/13/backward"]
  ignore line: [ignoring duplicate directory "/opt/homebrew/Cellar/gcc/13.1.0/bin/../lib/gcc/current/gcc/../../../../lib/gcc/current/gcc/aarch64-apple-darwin22/13/include"]
  ignore line: [ignoring nonexistent directory "/Applications/Xcode.app/Contents/Developer/Platforms/MacOSX.platform/Developer/SDKs/MacOSX13.3.sdk/usr/local/include"]
  ignore line: [ignoring duplicate directory "/opt/homebrew/Cellar/gcc/13.1.0/bin/../lib/gcc/current/gcc/../../../../lib/gcc/current/gcc/aarch64-apple-darwin22/13/include-fixed"]
  ignore line: [ignoring nonexistent directory "/opt/homebrew/Cellar/gcc/13.1.0/bin/../lib/gcc/current/gcc/../../../../lib/gcc/current/gcc/aarch64-apple-darwin22/13/../../../../../../aarch64-apple-darwin22/include"]
  ignore line: [ignoring nonexistent directory "/Applications/Xcode.app/Contents/Developer/Platforms/MacOSX.platform/Developer/SDKs/MacOSX13.3.sdk/Library/Frameworks"]
  ignore line: [#include "..." search starts here:]
  ignore line: [#include <...> search starts here:]
  ignore line: [ /opt/homebrew/Cellar/gcc/13.1.0/bin/../lib/gcc/current/gcc/aarch64-apple-darwin22/13/../../../../../../include/c++/13]
  ignore line: [ /opt/homebrew/Cellar/gcc/13.1.0/bin/../lib/gcc/current/gcc/aarch64-apple-darwin22/13/../../../../../../include/c++/13/aarch64-apple-darwin22]
  ignore line: [ /opt/homebrew/Cellar/gcc/13.1.0/bin/../lib/gcc/current/gcc/aarch64-apple-darwin22/13/../../../../../../include/c++/13/backward]
  ignore line: [ /opt/homebrew/Cellar/gcc/13.1.0/bin/../lib/gcc/current/gcc/aarch64-apple-darwin22/13/include]
  ignore line: [ /opt/homebrew/Cellar/gcc/13.1.0/bin/../lib/gcc/current/gcc/aarch64-apple-darwin22/13/include-fixed]
  ignore line: [ /Applications/Xcode.app/Contents/Developer/Platforms/MacOSX.platform/Developer/SDKs/MacOSX13.3.sdk/usr/include]
  ignore line: [ /Applications/Xcode.app/Contents/Developer/Platforms/MacOSX.platform/Developer/SDKs/MacOSX13.3.sdk/System/Library/Frameworks]
  ignore line: [End of search list.]
  ignore line: [Compiler executable checksum: 455aa0f26521ddd5d95812ade996c30f]
  ignore line: [COLLECT_GCC_OPTIONS='-fdiagnostics-color=always' '-isysroot' '/Applications/Xcode.app/Contents/Developer/Platforms/MacOSX.platform/Developer/SDKs/MacOSX13.3.sdk' '-v' '-o' 'CMakeFiles/cmTC_a051e.dir/CMakeCXXCompilerABI.cpp.o' '-c' '-mmacosx-version-min=13.0.0'  '-nodefaultexport' '-mlittle-endian' '-mabi=lp64' '-dumpdir' 'CMakeFiles/cmTC_a051e.dir/']
  ignore line: [ as -arch arm64 -v -mmacosx-version-min=13.0 -o CMakeFiles/cmTC_a051e.dir/CMakeCXXCompilerABI.cpp.o /var/folders/45/xpc9mgt90tn522snzpgvxqyw0000gn/T//ccSfQXvB.s]
  ignore line: [Apple clang version 14.0.3 (clang-1403.0.22.14.1)]
  ignore line: [Target: arm64-apple-darwin22.5.0]
  ignore line: [Thread model: posix]
  ignore line: [InstalledDir: /Applications/Xcode.app/Contents/Developer/Toolchains/XcodeDefault.xctoolchain/usr/bin]
  ignore line: [ "/Applications/Xcode.app/Contents/Developer/Toolchains/XcodeDefault.xctoolchain/usr/bin/clang" -cc1as -triple arm64-apple-macosx13.0.0 -filetype obj -main-file-name ccSfQXvB.s -target-cpu apple-m1 -target-feature +v8.5a -target-feature +crc -target-feature +lse -target-feature +rdm -target-feature +crypto -target-feature +dotprod -target-feature +fp-armv8 -target-feature +neon -target-feature +fp16fml -target-feature +ras -target-feature +rcpc -target-feature +zcm -target-feature +zcz -target-feature +fullfp16 -target-feature +sm4 -target-feature +sha3 -target-feature +sha2 -target-feature +aes -fdebug-compilation-dir=/Users/xiezinan/Desktop/Project/mciroAS/cmake-build-debug/CMakeFiles/CMakeScratch/TryCompile-lUvrof -dwarf-debug-producer "Apple clang version 14.0.3 (clang-1403.0.22.14.1)" -dwarf-version=4 -mrelocation-model pic --mrelax-relocations -mllvm -disable-aligned-alloc-awareness=1 -o CMakeFiles/cmTC_a051e.dir/CMakeCXXCompilerABI.cpp.o /var/folders/45/xpc9mgt90tn522snzpgvxqyw0000gn/T//ccSfQXvB.s]
  ignore line: [COMPILER_PATH=/opt/homebrew/Cellar/gcc/13.1.0/bin/../libexec/gcc/aarch64-apple-darwin22/13/:/opt/homebrew/Cellar/gcc/13.1.0/bin/../libexec/gcc/]
  ignore line: [LIBRARY_PATH=/opt/homebrew/Cellar/gcc/13.1.0/bin/../lib/gcc/current/gcc/aarch64-apple-darwin22/13/:/opt/homebrew/Cellar/gcc/13.1.0/bin/../lib/gcc/current/gcc/:/opt/homebrew/Cellar/gcc/13.1.0/bin/../lib/gcc/current/gcc/aarch64-apple-darwin22/13/../../../]
  ignore line: [COLLECT_GCC_OPTIONS='-fdiagnostics-color=always' '-isysroot' '/Applications/Xcode.app/Contents/Developer/Platforms/MacOSX.platform/Developer/SDKs/MacOSX13.3.sdk' '-v' '-o' 'CMakeFiles/cmTC_a051e.dir/CMakeCXXCompilerABI.cpp.o' '-c' '-mmacosx-version-min=13.0.0'  '-nodefaultexport' '-mlittle-endian' '-mabi=lp64' '-dumpdir' 'CMakeFiles/cmTC_a051e.dir/CMakeCXXCompilerABI.cpp.']
  ignore line: [[2/2] Linking CXX executable cmTC_a051e]
  ignore line: [Using built-in specs.]
  ignore line: [COLLECT_GCC=/opt/homebrew/bin/g++-13]
  ignore line: [COLLECT_LTO_WRAPPER=/opt/homebrew/Cellar/gcc/13.1.0/bin/../libexec/gcc/aarch64-apple-darwin22/13/lto-wrapper]
  ignore line: [Target: aarch64-apple-darwin22]
  ignore line: [Configured with: ../configure --prefix=/opt/homebrew/opt/gcc --libdir=/opt/homebrew/opt/gcc/lib/gcc/current --disable-nls --enable-checking=release --with-gcc-major-version-only --enable-languages=c c++ objc obj-c++ fortran --program-suffix=-13 --with-gmp=/opt/homebrew/opt/gmp --with-mpfr=/opt/homebrew/opt/mpfr --with-mpc=/opt/homebrew/opt/libmpc --with-isl=/opt/homebrew/opt/isl --with-zstd=/opt/homebrew/opt/zstd --with-pkgversion='Homebrew GCC 13.1.0' --with-bugurl=https://github.com/Homebrew/homebrew-core/issues --with-system-zlib --build=aarch64-apple-darwin22 --with-sysroot=/Library/Developer/CommandLineTools/SDKs/MacOSX13.sdk]
  ignore line: [Thread model: posix]
  ignore line: [Supported LTO compression algorithms: zlib zstd]
  ignore line: [gcc version 13.1.0 (Homebrew GCC 13.1.0) ]
  ignore line: [COMPILER_PATH=/opt/homebrew/Cellar/gcc/13.1.0/bin/../libexec/gcc/aarch64-apple-darwin22/13/:/opt/homebrew/Cellar/gcc/13.1.0/bin/../libexec/gcc/]
  ignore line: [LIBRARY_PATH=/opt/homebrew/Cellar/gcc/13.1.0/bin/../lib/gcc/current/gcc/aarch64-apple-darwin22/13/:/opt/homebrew/Cellar/gcc/13.1.0/bin/../lib/gcc/current/gcc/:/opt/homebrew/Cellar/gcc/13.1.0/bin/../lib/gcc/current/gcc/aarch64-apple-darwin22/13/../../../]
  ignore line: [COLLECT_GCC_OPTIONS='-isysroot' '/Applications/Xcode.app/Contents/Developer/Platforms/MacOSX.platform/Developer/SDKs/MacOSX13.3.sdk' '-v' '-o' 'cmTC_a051e' '-mmacosx-version-min=13.0.0' '-asm_macosx_version_min=13.0' '-nodefaultexport' '-mlittle-endian' '-mabi=lp64' '-dumpdir' 'cmTC_a051e.']
  link line: [ /opt/homebrew/Cellar/gcc/13.1.0/bin/../libexec/gcc/aarch64-apple-darwin22/13/collect2 -dynamic -arch arm64 -syslibroot /Applications/Xcode.app/Contents/Developer/Platforms/MacOSX.platform/Developer/SDKs/MacOSX13.3.sdk -macosx_version_min 13.0.0 -o cmTC_a051e -L/opt/homebrew/Cellar/gcc/13.1.0/bin/../lib/gcc/current/gcc/aarch64-apple-darwin22/13 -L/opt/homebrew/Cellar/gcc/13.1.0/bin/../lib/gcc/current/gcc -L/opt/homebrew/Cellar/gcc/13.1.0/bin/../lib/gcc/current/gcc/aarch64-apple-darwin22/13/../../.. -search_paths_first -headerpad_max_install_names -v CMakeFiles/cmTC_a051e.dir/CMakeCXXCompilerABI.cpp.o -lstdc++ -lemutls_w -lgcc -lSystem -lgcc -no_compact_unwind -rpath @loader_path -rpath /opt/homebrew/Cellar/gcc/13.1.0/lib/gcc/current/gcc/aarch64-apple-darwin22/13 -rpath /opt/homebrew/Cellar/gcc/13.1.0/lib/gcc/current/gcc -rpath /opt/homebrew/Cellar/gcc/13.1.0/lib/gcc/current]
    arg [/opt/homebrew/Cellar/gcc/13.1.0/bin/../libexec/gcc/aarch64-apple-darwin22/13/collect2] ==> ignore
    arg [-dynamic] ==> ignore
    arg [-arch] ==> ignore
    arg [arm64] ==> ignore
    arg [-syslibroot] ==> ignore
    arg [/Applications/Xcode.app/Contents/Developer/Platforms/MacOSX.platform/Developer/SDKs/MacOSX13.3.sdk] ==> ignore
    arg [-macosx_version_min] ==> ignore
    arg [13.0.0] ==> ignore
    arg [-o] ==> ignore
    arg [cmTC_a051e] ==> ignore
    arg [-L/opt/homebrew/Cellar/gcc/13.1.0/bin/../lib/gcc/current/gcc/aarch64-apple-darwin22/13] ==> dir [/opt/homebrew/Cellar/gcc/13.1.0/bin/../lib/gcc/current/gcc/aarch64-apple-darwin22/13]
    arg [-L/opt/homebrew/Cellar/gcc/13.1.0/bin/../lib/gcc/current/gcc] ==> dir [/opt/homebrew/Cellar/gcc/13.1.0/bin/../lib/gcc/current/gcc]
    arg [-L/opt/homebrew/Cellar/gcc/13.1.0/bin/../lib/gcc/current/gcc/aarch64-apple-darwin22/13/../../..] ==> dir [/opt/homebrew/Cellar/gcc/13.1.0/bin/../lib/gcc/current/gcc/aarch64-apple-darwin22/13/../../..]
    arg [-search_paths_first] ==> ignore
    arg [-headerpad_max_install_names] ==> ignore
    arg [-v] ==> ignore
    arg [CMakeFiles/cmTC_a051e.dir/CMakeCXXCompilerABI.cpp.o] ==> ignore
    arg [-lstdc++] ==> lib [stdc++]
    arg [-lemutls_w] ==> lib [emutls_w]
    arg [-lgcc] ==> lib [gcc]
    arg [-lSystem] ==> lib [System]
    arg [-lgcc] ==> lib [gcc]
    arg [-no_compact_unwind] ==> ignore
    arg [-rpath] ==> ignore
    arg [@loader_path] ==> ignore
    arg [-rpath] ==> ignore
    arg [/opt/homebrew/Cellar/gcc/13.1.0/lib/gcc/current/gcc/aarch64-apple-darwin22/13] ==> ignore
    arg [-rpath] ==> ignore
    arg [/opt/homebrew/Cellar/gcc/13.1.0/lib/gcc/current/gcc] ==> ignore
    arg [-rpath] ==> ignore
    arg [/opt/homebrew/Cellar/gcc/13.1.0/lib/gcc/current] ==> ignore
  Library search paths: [;/opt/homebrew/Cellar/gcc/13.1.0/lib/gcc/current/gcc/aarch64-apple-darwin22/13;/opt/homebrew/Cellar/gcc/13.1.0/lib/gcc/current/gcc;/opt/homebrew/Cellar/gcc/13.1.0/lib/gcc/current;/Applications/Xcode.app/Contents/Developer/Platforms/MacOSX.platform/Developer/SDKs/MacOSX13.3.sdk/usr/lib]
  Framework search paths: [;/Applications/Xcode.app/Contents/Developer/Platforms/MacOSX.platform/Developer/SDKs/MacOSX13.3.sdk/System/Library/Frameworks/]
  remove lib [System]
  collapse library dir [/opt/homebrew/Cellar/gcc/13.1.0/bin/../lib/gcc/current/gcc/aarch64-apple-darwin22/13] ==> [/opt/homebrew/Cellar/gcc/13.1.0/lib/gcc/current/gcc/aarch64-apple-darwin22/13]
  collapse library dir [/opt/homebrew/Cellar/gcc/13.1.0/bin/../lib/gcc/current/gcc] ==> [/opt/homebrew/Cellar/gcc/13.1.0/lib/gcc/current/gcc]
  collapse library dir [/opt/homebrew/Cellar/gcc/13.1.0/bin/../lib/gcc/current/gcc/aarch64-apple-darwin22/13/../../..] ==> [/opt/homebrew/Cellar/gcc/13.1.0/lib/gcc/current]
  collapse library dir [/opt/homebrew/Cellar/gcc/13.1.0/lib/gcc/current/gcc/aarch64-apple-darwin22/13] ==> [/opt/homebrew/Cellar/gcc/13.1.0/lib/gcc/current/gcc/aarch64-apple-darwin22/13]
  collapse library dir [/opt/homebrew/Cellar/gcc/13.1.0/lib/gcc/current/gcc] ==> [/opt/homebrew/Cellar/gcc/13.1.0/lib/gcc/current/gcc]
  collapse library dir [/opt/homebrew/Cellar/gcc/13.1.0/lib/gcc/current] ==> [/opt/homebrew/Cellar/gcc/13.1.0/lib/gcc/current]
  collapse library dir [/Applications/Xcode.app/Contents/Developer/Platforms/MacOSX.platform/Developer/SDKs/MacOSX13.3.sdk/usr/lib] ==> [/Applications/Xcode.app/Contents/Developer/Platforms/MacOSX.platform/Developer/SDKs/MacOSX13.3.sdk/usr/lib]
  collapse framework dir [/Applications/Xcode.app/Contents/Developer/Platforms/MacOSX.platform/Developer/SDKs/MacOSX13.3.sdk/System/Library/Frameworks/] ==> [/Applications/Xcode.app/Contents/Developer/Platforms/MacOSX.platform/Developer/SDKs/MacOSX13.3.sdk/System/Library/Frameworks]
  implicit libs: [stdc++;emutls_w;gcc;gcc]
  implicit objs: []
  implicit dirs: [/opt/homebrew/Cellar/gcc/13.1.0/lib/gcc/current/gcc/aarch64-apple-darwin22/13;/opt/homebrew/Cellar/gcc/13.1.0/lib/gcc/current/gcc;/opt/homebrew/Cellar/gcc/13.1.0/lib/gcc/current;/Applications/Xcode.app/Contents/Developer/Platforms/MacOSX.platform/Developer/SDKs/MacOSX13.3.sdk/usr/lib]
  implicit fwks: [/Applications/Xcode.app/Contents/Developer/Platforms/MacOSX.platform/Developer/SDKs/MacOSX13.3.sdk/System/Library/Frameworks]


